  View.cpp
C:\Users\loren\Downloads\2241-3-1-HERRAN_SUERO_LORENZO_af3c36ee-ce29-49a3-a29c-86ec62b89dcd\3DProject\code\Model.h(139,22): warning C4018: '<': no coinciden signed/unsigned
C:\Users\loren\Downloads\2241-3-1-HERRAN_SUERO_LORENZO_af3c36ee-ce29-49a3-a29c-86ec62b89dcd\3DProject\code\View.cpp(135,32): warning C4244: 'inicializando': conversión de 'const T' a 'int'; posible pérdida de datos
          with
          [
              T=float
          ]
C:\Users\loren\Downloads\2241-3-1-HERRAN_SUERO_LORENZO_af3c36ee-ce29-49a3-a29c-86ec62b89dcd\3DProject\code\View.cpp(136,23): warning C4244: 'inicializando': conversión de 'const T' a 'int'; posible pérdida de datos
          with
          [
              T=float
          ]
C:\Users\loren\Downloads\2241-3-1-HERRAN_SUERO_LORENZO_af3c36ee-ce29-49a3-a29c-86ec62b89dcd\3DProject\code\View.cpp(138,24): warning C4244: 'inicializando': conversión de 'const T' a 'int'; posible pérdida de datos
          with
          [
              T=float
          ]
C:\Users\loren\Downloads\2241-3-1-HERRAN_SUERO_LORENZO_af3c36ee-ce29-49a3-a29c-86ec62b89dcd\3DProject\code\View.cpp(139,24): warning C4244: 'inicializando': conversión de 'const T' a 'int'; posible pérdida de datos
          with
          [
              T=float
          ]
C:\Users\loren\Downloads\2241-3-1-HERRAN_SUERO_LORENZO_af3c36ee-ce29-49a3-a29c-86ec62b89dcd\3DProject\code\View.cpp(142,25): warning C4244: 'inicializando': conversión de 'T' a 'int'; posible pérdida de datos
          with
          [
              T=float
          ]
C:\Users\loren\Downloads\2241-3-1-HERRAN_SUERO_LORENZO_af3c36ee-ce29-49a3-a29c-86ec62b89dcd\3DProject\code\View.cpp(145,25): warning C4244: 'inicializando': conversión de 'T' a 'int'; posible pérdida de datos
          with
          [
              T=float
          ]
C:\Users\loren\Downloads\2241-3-1-HERRAN_SUERO_LORENZO_af3c36ee-ce29-49a3-a29c-86ec62b89dcd\3DProject\code\View.cpp(114,16): warning C4101: 'new_points': variable local sin referencia
  Example.vcxproj -> C:\Users\loren\Downloads\2241-3-1-HERRAN_SUERO_LORENZO_af3c36ee-ce29-49a3-a29c-86ec62b89dcd\3DProject\bin\Debug\3DProject.exe
